

================================================================
== Vitis HLS Report for 'fir_n11_maxi'
================================================================
* Date:           Wed Oct  2 23:47:17 2024

* Version:        2023.2 (Build 4023990 on Oct 11 2023)
* Project:        lab2_1
* Solution:       solution1 (Vivado IP Flow Target)
* Product family: zynq
* Target device:  xc7z020-clg400-1


================================================================
== Performance Estimates
================================================================
+ Timing: 
    * Summary: 
    +--------+----------+----------+------------+
    |  Clock |  Target  | Estimated| Uncertainty|
    +--------+----------+----------+------------+
    |ap_clk  |  10.00 ns|  7.300 ns|     2.70 ns|
    +--------+----------+----------+------------+

+ Latency: 
    * Summary: 
    +---------+---------+----------+----------+-----+-----+---------+
    |  Latency (cycles) |  Latency (absolute) |  Interval | Pipeline|
    |   min   |   max   |    min   |    max   | min | max |   Type  |
    +---------+---------+----------+----------+-----+-----+---------+
    |        ?|        ?|         ?|         ?|    ?|    ?|       no|
    +---------+---------+----------+----------+-----+-----+---------+

    + Detail: 
        * Instance: 
        +--------------------------------------------+---------------------------------+---------+---------+----------+----------+-----+-----+---------+
        |                                            |                                 |  Latency (cycles) |  Latency (absolute) |  Interval | Pipeline|
        |                  Instance                  |              Module             |   min   |   max   |    min   |    max   | min | max |   Type  |
        +--------------------------------------------+---------------------------------+---------+---------+----------+----------+-----+-----+---------+
        |grp_fir_n11_maxi_Pipeline_XFER_LOOP_fu_238  |fir_n11_maxi_Pipeline_XFER_LOOP  |        ?|        ?|         ?|         ?|    ?|    ?|       no|
        +--------------------------------------------+---------------------------------+---------+---------+----------+----------+-----+-----+---------+

        * Loop: 
        N/A



================================================================
== Utilization Estimates
================================================================
* Summary: 
+-----------------+---------+-----+--------+-------+-----+
|       Name      | BRAM_18K| DSP |   FF   |  LUT  | URAM|
+-----------------+---------+-----+--------+-------+-----+
|DSP              |        -|    -|       -|      -|    -|
|Expression       |        -|    -|       0|     40|    -|
|FIFO             |        -|    -|       -|      -|    -|
|Instance         |        4|   33|    4097|   2391|    -|
|Memory           |        -|    -|       -|      -|    -|
|Multiplexer      |        -|    -|       -|    175|    -|
|Register         |        -|    -|     525|      -|    -|
+-----------------+---------+-----+--------+-------+-----+
|Total            |        4|   33|    4622|   2606|    0|
+-----------------+---------+-----+--------+-------+-----+
|Available        |      280|  220|  106400|  53200|    0|
+-----------------+---------+-----+--------+-------+-----+
|Utilization (%)  |        1|   15|       4|      4|    0|
+-----------------+---------+-----+--------+-------+-----+

+ Detail: 
    * Instance: 
    +--------------------------------------------+---------------------------------+---------+----+------+------+-----+
    |                  Instance                  |              Module             | BRAM_18K| DSP|  FF  |  LUT | URAM|
    +--------------------------------------------+---------------------------------+---------+----+------+------+-----+
    |control_s_axi_U                             |control_s_axi                    |        0|   0|   294|   436|    0|
    |grp_fir_n11_maxi_Pipeline_XFER_LOOP_fu_238  |fir_n11_maxi_Pipeline_XFER_LOOP  |        0|  33|  2973|  1221|    0|
    |gmem_m_axi_U                                |gmem_m_axi                       |        4|   0|   830|   734|    0|
    +--------------------------------------------+---------------------------------+---------+----+------+------+-----+
    |Total                                       |                                 |        4|  33|  4097|  2391|    0|
    +--------------------------------------------+---------------------------------+---------+----+------+------+-----+

    * DSP: 
    N/A

    * Memory: 
    N/A

    * FIFO: 
    N/A

    * Expression: 
    +--------------------+----------+----+---+----+------------+------------+
    |    Variable Name   | Operation| DSP| FF| LUT| Bitwidth P0| Bitwidth P1|
    +--------------------+----------+----+---+----+------------+------------+
    |add_ln16_fu_283_p2  |         +|   0|  0|  40|          33|           2|
    +--------------------+----------+----+---+----+------------+------------+
    |Total               |          |   0|  0|  40|          33|           2|
    +--------------------+----------+----+---+----+------------+------------+

    * Multiplexer: 
    +-------------------+----+-----------+-----+-----------+
    |        Name       | LUT| Input Size| Bits| Total Bits|
    +-------------------+----+-----------+-----+-----------+
    |an32Coef_address0  |  65|         12|    4|         48|
    |ap_NS_fsm          |  65|         14|    1|         14|
    |gmem_ARVALID       |   9|          2|    1|          2|
    |gmem_AWVALID       |   9|          2|    1|          2|
    |gmem_BREADY        |   9|          2|    1|          2|
    |gmem_RREADY        |   9|          2|    1|          2|
    |gmem_WVALID        |   9|          2|    1|          2|
    +-------------------+----+-----------+-----+-----------+
    |Total              | 175|         36|   10|         72|
    +-------------------+----+-----------+-----+-----------+

    * Register: 
    +---------------------------------------------------------+----+----+-----+-----------+
    |                           Name                          | FF | LUT| Bits| Const Bits|
    +---------------------------------------------------------+----+----+-----+-----------+
    |an32Coef_load_10_reg_419                                 |  32|   0|   32|          0|
    |an32Coef_load_1_reg_314                                  |  32|   0|   32|          0|
    |an32Coef_load_2_reg_324                                  |  32|   0|   32|          0|
    |an32Coef_load_3_reg_334                                  |  32|   0|   32|          0|
    |an32Coef_load_4_reg_344                                  |  32|   0|   32|          0|
    |an32Coef_load_5_reg_354                                  |  32|   0|   32|          0|
    |an32Coef_load_6_reg_364                                  |  32|   0|   32|          0|
    |an32Coef_load_7_reg_374                                  |  32|   0|   32|          0|
    |an32Coef_load_8_reg_384                                  |  32|   0|   32|          0|
    |an32Coef_load_9_reg_404                                  |  32|   0|   32|          0|
    |an32Coef_load_reg_304                                    |  32|   0|   32|          0|
    |ap_CS_fsm                                                |  13|   0|   13|          0|
    |grp_fir_n11_maxi_Pipeline_XFER_LOOP_fu_238_ap_start_reg  |   1|   0|    1|          0|
    |pn32HPInput_read_reg_399                                 |  64|   0|   64|          0|
    |pn32HPOutput_read_reg_394                                |  64|   0|   64|          0|
    |tmp_reg_414                                              |  31|   0|   31|          0|
    +---------------------------------------------------------+----+----+-----+-----------+
    |Total                                                    | 525|   0|  525|          0|
    +---------------------------------------------------------+----+----+-----+-----------+



================================================================
== Interface
================================================================
* Summary: 
+-----------------------+-----+-----+------------+--------------+--------------+
|       RTL Ports       | Dir | Bits|  Protocol  | Source Object|    C Type    |
+-----------------------+-----+-----+------------+--------------+--------------+
|s_axi_control_AWVALID  |   in|    1|       s_axi|       control|         array|
|s_axi_control_AWREADY  |  out|    1|       s_axi|       control|         array|
|s_axi_control_AWADDR   |   in|    7|       s_axi|       control|         array|
|s_axi_control_WVALID   |   in|    1|       s_axi|       control|         array|
|s_axi_control_WREADY   |  out|    1|       s_axi|       control|         array|
|s_axi_control_WDATA    |   in|   32|       s_axi|       control|         array|
|s_axi_control_WSTRB    |   in|    4|       s_axi|       control|         array|
|s_axi_control_ARVALID  |   in|    1|       s_axi|       control|         array|
|s_axi_control_ARREADY  |  out|    1|       s_axi|       control|         array|
|s_axi_control_ARADDR   |   in|    7|       s_axi|       control|         array|
|s_axi_control_RVALID   |  out|    1|       s_axi|       control|         array|
|s_axi_control_RREADY   |   in|    1|       s_axi|       control|         array|
|s_axi_control_RDATA    |  out|   32|       s_axi|       control|         array|
|s_axi_control_RRESP    |  out|    2|       s_axi|       control|         array|
|s_axi_control_BVALID   |  out|    1|       s_axi|       control|         array|
|s_axi_control_BREADY   |   in|    1|       s_axi|       control|         array|
|s_axi_control_BRESP    |  out|    2|       s_axi|       control|         array|
|ap_clk                 |   in|    1|  ap_ctrl_hs|  fir_n11_maxi|  return value|
|ap_rst_n               |   in|    1|  ap_ctrl_hs|  fir_n11_maxi|  return value|
|interrupt              |  out|    1|  ap_ctrl_hs|  fir_n11_maxi|  return value|
|m_axi_gmem_AWVALID     |  out|    1|       m_axi|          gmem|       pointer|
|m_axi_gmem_AWREADY     |   in|    1|       m_axi|          gmem|       pointer|
|m_axi_gmem_AWADDR      |  out|   64|       m_axi|          gmem|       pointer|
|m_axi_gmem_AWID        |  out|    1|       m_axi|          gmem|       pointer|
|m_axi_gmem_AWLEN       |  out|    8|       m_axi|          gmem|       pointer|
|m_axi_gmem_AWSIZE      |  out|    3|       m_axi|          gmem|       pointer|
|m_axi_gmem_AWBURST     |  out|    2|       m_axi|          gmem|       pointer|
|m_axi_gmem_AWLOCK      |  out|    2|       m_axi|          gmem|       pointer|
|m_axi_gmem_AWCACHE     |  out|    4|       m_axi|          gmem|       pointer|
|m_axi_gmem_AWPROT      |  out|    3|       m_axi|          gmem|       pointer|
|m_axi_gmem_AWQOS       |  out|    4|       m_axi|          gmem|       pointer|
|m_axi_gmem_AWREGION    |  out|    4|       m_axi|          gmem|       pointer|
|m_axi_gmem_AWUSER      |  out|    1|       m_axi|          gmem|       pointer|
|m_axi_gmem_WVALID      |  out|    1|       m_axi|          gmem|       pointer|
|m_axi_gmem_WREADY      |   in|    1|       m_axi|          gmem|       pointer|
|m_axi_gmem_WDATA       |  out|   32|       m_axi|          gmem|       pointer|
|m_axi_gmem_WSTRB       |  out|    4|       m_axi|          gmem|       pointer|
|m_axi_gmem_WLAST       |  out|    1|       m_axi|          gmem|       pointer|
|m_axi_gmem_WID         |  out|    1|       m_axi|          gmem|       pointer|
|m_axi_gmem_WUSER       |  out|    1|       m_axi|          gmem|       pointer|
|m_axi_gmem_ARVALID     |  out|    1|       m_axi|          gmem|       pointer|
|m_axi_gmem_ARREADY     |   in|    1|       m_axi|          gmem|       pointer|
|m_axi_gmem_ARADDR      |  out|   64|       m_axi|          gmem|       pointer|
|m_axi_gmem_ARID        |  out|    1|       m_axi|          gmem|       pointer|
|m_axi_gmem_ARLEN       |  out|    8|       m_axi|          gmem|       pointer|
|m_axi_gmem_ARSIZE      |  out|    3|       m_axi|          gmem|       pointer|
|m_axi_gmem_ARBURST     |  out|    2|       m_axi|          gmem|       pointer|
|m_axi_gmem_ARLOCK      |  out|    2|       m_axi|          gmem|       pointer|
|m_axi_gmem_ARCACHE     |  out|    4|       m_axi|          gmem|       pointer|
|m_axi_gmem_ARPROT      |  out|    3|       m_axi|          gmem|       pointer|
|m_axi_gmem_ARQOS       |  out|    4|       m_axi|          gmem|       pointer|
|m_axi_gmem_ARREGION    |  out|    4|       m_axi|          gmem|       pointer|
|m_axi_gmem_ARUSER      |  out|    1|       m_axi|          gmem|       pointer|
|m_axi_gmem_RVALID      |   in|    1|       m_axi|          gmem|       pointer|
|m_axi_gmem_RREADY      |  out|    1|       m_axi|          gmem|       pointer|
|m_axi_gmem_RDATA       |   in|   32|       m_axi|          gmem|       pointer|
|m_axi_gmem_RLAST       |   in|    1|       m_axi|          gmem|       pointer|
|m_axi_gmem_RID         |   in|    1|       m_axi|          gmem|       pointer|
|m_axi_gmem_RUSER       |   in|    1|       m_axi|          gmem|       pointer|
|m_axi_gmem_RRESP       |   in|    2|       m_axi|          gmem|       pointer|
|m_axi_gmem_BVALID      |   in|    1|       m_axi|          gmem|       pointer|
|m_axi_gmem_BREADY      |  out|    1|       m_axi|          gmem|       pointer|
|m_axi_gmem_BRESP       |   in|    2|       m_axi|          gmem|       pointer|
|m_axi_gmem_BID         |   in|    1|       m_axi|          gmem|       pointer|
|m_axi_gmem_BUSER       |   in|    1|       m_axi|          gmem|       pointer|
+-----------------------+-----+-----+------------+--------------+--------------+

